Fitter report for lab4
Mon Dec 03 20:02:05 2018
Quartus II Version 9.1 Build 222 10/21/2009 SJ Web Edition


---------------------
; Table of Contents ;
---------------------
  1. Legal Notice
  2. Fitter Summary
  3. Fitter Settings
  4. Parallel Compilation
  5. Pin-Out File
  6. Fitter Resource Usage Summary
  7. Input Pins
  8. Output Pins
  9. All Package Pins
 10. I/O Standard
 11. Dedicated Inputs I/O
 12. Output Pin Default Load For Reported TCO
 13. Fitter Resource Utilization by Entity
 14. Control Signals
 15. Global & Other Fast Signals
 16. Non-Global High Fan-Out Signals
 17. Interconnect Usage Summary
 18. LAB Macrocells
 19. Logic Cell Interconnection
 20. Fitter Device Options
 21. Fitter Messages



----------------
; Legal Notice ;
----------------
Copyright (C) 1991-2009 Altera Corporation
Your use of Altera Corporation's design tools, logic functions 
and other software and tools, and its AMPP partner logic 
functions, and any output files from any of the foregoing 
(including device programming or simulation files), and any 
associated documentation or information are expressly subject 
to the terms and conditions of the Altera Program License 
Subscription Agreement, Altera MegaCore Function License 
Agreement, or other applicable license agreement, including, 
without limitation, that your use is for the sole purpose of 
programming logic devices manufactured by Altera and sold by 
Altera or its authorized distributors.  Please refer to the 
applicable agreement for further details.



+-----------------------------------------------------------------+
; Fitter Summary                                                  ;
+-----------------------+-----------------------------------------+
; Fitter Status         ; Successful - Mon Dec 03 20:02:05 2018   ;
; Quartus II Version    ; 9.1 Build 222 10/21/2009 SJ Web Edition ;
; Revision Name         ; lab4                                    ;
; Top-level Entity Name ; lab4                                    ;
; Family                ; MAX7000S                                ;
; Device                ; EPM7064SLC44-10                         ;
; Timing Models         ; Final                                   ;
; Total macrocells      ; 28 / 64 ( 44 % )                        ;
; Total pins            ; 14 / 36 ( 39 % )                        ;
+-----------------------+-----------------------------------------+


+--------------------------------------------------------------------------------------------------------------+
; Fitter Settings                                                                                              ;
+----------------------------------------------------------------------------+-----------------+---------------+
; Option                                                                     ; Setting         ; Default Value ;
+----------------------------------------------------------------------------+-----------------+---------------+
; Device                                                                     ; EPM7064SLC44-10 ;               ;
; Use smart compilation                                                      ; Off             ; Off           ;
; Enable parallel Assembler and TimeQuest Timing Analyzer during compilation ; On              ; On            ;
; Enable compact report table                                                ; Off             ; Off           ;
; Use TimeQuest Timing Analyzer                                              ; Off             ; Off           ;
; Optimize Timing for ECOs                                                   ; Off             ; Off           ;
; Regenerate full fit report during ECO compiles                             ; Off             ; Off           ;
; Optimize IOC Register Placement for Timing                                 ; On              ; On            ;
; Limit to One Fitting Attempt                                               ; Off             ; Off           ;
; Fitter Initial Placement Seed                                              ; 1               ; 1             ;
; Slow Slew Rate                                                             ; Off             ; Off           ;
; Fitter Effort                                                              ; Auto Fit        ; Auto Fit      ;
; Force Fitter to Avoid Periphery Placement Warnings                         ; Off             ; Off           ;
; Use Best Effort Settings for Compilation                                   ; Off             ; Off           ;
+----------------------------------------------------------------------------+-----------------+---------------+


Parallel compilation was disabled, but you have multiple processors available. Enable parallel compilation to reduce compilation time.
+-------------------------------------+
; Parallel Compilation                ;
+----------------------------+--------+
; Processors                 ; Number ;
+----------------------------+--------+
; Number detected on machine ; 4      ;
; Maximum allowed            ; 1      ;
+----------------------------+--------+


+--------------+
; Pin-Out File ;
+--------------+
The pin-out file can be found in C:/Users/ndirschel/Documents/lab4/lab4.pin.


+-------------------------------------------------------------------+
; Fitter Resource Usage Summary                                     ;
+-----------------------------------+-------------------------------+
; Resource                          ; Usage                         ;
+-----------------------------------+-------------------------------+
; Logic cells                       ; 28 / 64 ( 44 % )              ;
; Registers                         ; 21 / 64 ( 33 % )              ;
; Number of pterms used             ; 48                            ;
; User inserted logic elements      ; 0                             ;
; I/O pins                          ; 14 / 36 ( 39 % )              ;
;     -- Clock pins                 ; 1 / 2 ( 50 % )                ;
;     -- Dedicated input pins       ; 1 / 2 ( 50 % )                ;
; Global signals                    ; 1                             ;
; Shareable expanders               ; 0 / 64 ( 0 % )                ;
; Parallel expanders                ; 0 / 60 ( 0 % )                ;
; Cells using turbo bit             ; 28 / 64 ( 44 % )              ;
; Maximum fan-out node              ; lpm_counter:cnt_rtl_0|dffs[0] ;
; Maximum fan-out                   ; 21                            ;
; Highest non-global fan-out signal ; lpm_counter:cnt_rtl_0|dffs[0] ;
; Highest non-global fan-out        ; 21                            ;
; Total fan-out                     ; 288                           ;
; Average fan-out                   ; 6.86                          ;
+-----------------------------------+-------------------------------+


+---------------------------------------------------------------------------------------------------------------------------------------------+
; Input Pins                                                                                                                                  ;
+-------+-------+----------+-----+-----------------------+--------------------+--------+----------------+--------------+----------------------+
; Name  ; Pin # ; I/O Bank ; LAB ; Combinational Fan-Out ; Registered Fan-Out ; Global ; Input Register ; I/O Standard ; Location assigned by ;
+-------+-------+----------+-----+-----------------------+--------------------+--------+----------------+--------------+----------------------+
; clk   ; 43    ; --       ; --  ; 21                    ; 0                  ; yes    ; no             ; TTL          ; User                 ;
; rst_n ; 1     ; --       ; --  ; 21                    ; 0                  ; no     ; no             ; TTL          ; User                 ;
+-------+-------+----------+-----+-----------------------+--------------------+--------+----------------+--------------+----------------------+


+------------------------------------------------------------------------------------------------------------------------------------------------------------------------------------------------+
; Output Pins                                                                                                                                                                                    ;
+------------+-------+----------+-----+-----------------+----------------+------------+---------------+--------------+----------------------+-------+----------------------+---------------------+
; Name       ; Pin # ; I/O Bank ; LAB ; Output Register ; Slow Slew Rate ; Open Drain ; TRI Primitive ; I/O Standard ; Location assigned by ; Load  ; Output Enable Source ; Output Enable Group ;
+------------+-------+----------+-----+-----------------+----------------+------------+---------------+--------------+----------------------+-------+----------------------+---------------------+
; LED_out[0] ; 12    ; --       ; 1   ; no              ; no             ; no         ; no            ; TTL          ; User                 ; 10 pF ; -                    ; -                   ;
; LED_out[1] ; 14    ; --       ; 2   ; no              ; no             ; no         ; no            ; TTL          ; User                 ; 10 pF ; -                    ; -                   ;
; LED_out[2] ; 16    ; --       ; 2   ; no              ; no             ; no         ; no            ; TTL          ; User                 ; 10 pF ; -                    ; -                   ;
; LED_out[3] ; 17    ; --       ; 2   ; no              ; no             ; no         ; no            ; TTL          ; User                 ; 10 pF ; -                    ; -                   ;
; LED_out[4] ; 18    ; --       ; 2   ; no              ; no             ; no         ; no            ; TTL          ; User                 ; 10 pF ; -                    ; -                   ;
; LED_out[5] ; 19    ; --       ; 2   ; no              ; no             ; no         ; no            ; TTL          ; User                 ; 10 pF ; -                    ; -                   ;
; LED_out[6] ; 20    ; --       ; 2   ; no              ; no             ; no         ; no            ; TTL          ; User                 ; 10 pF ; -                    ; -                   ;
; LED_out[7] ; 21    ; --       ; 2   ; no              ; no             ; no         ; no            ; TTL          ; User                 ; 10 pF ; -                    ; -                   ;
+------------+-------+----------+-----+-----------------+----------------+------------+---------------+--------------+----------------------+-------+----------------------+---------------------+


+-------------------------------------------------------------------------------------------------------+
; All Package Pins                                                                                      ;
+----------+------------+----------+----------------+--------+--------------+---------+-----------------+
; Location ; Pad Number ; I/O Bank ; Pin Name/Usage ; Dir.   ; I/O Standard ; Voltage ; User Assignment ;
+----------+------------+----------+----------------+--------+--------------+---------+-----------------+
; 1        ; 0          ; --       ; rst_n          ; input  ; TTL          ;         ; Y               ;
; 2        ; 1          ; --       ; GND+           ;        ;              ;         ;                 ;
; 3        ; 2          ; --       ; VCC            ; power  ;              ;         ;                 ;
; 4        ; 3          ; --       ; RESERVED       ;        ;              ;         ;                 ;
; 5        ; 4          ; --       ; RESERVED       ;        ;              ;         ;                 ;
; 6        ; 5          ; --       ; RESERVED       ;        ;              ;         ;                 ;
; 7        ; 6          ; --       ; TDI            ; input  ; TTL          ;         ; N               ;
; 8        ; 7          ; --       ; RESERVED       ;        ;              ;         ;                 ;
; 9        ; 8          ; --       ; RESERVED       ;        ;              ;         ;                 ;
; 10       ; 9          ; --       ; GND            ; gnd    ;              ;         ;                 ;
; 11       ; 10         ; --       ; RESERVED       ;        ;              ;         ;                 ;
; 12       ; 11         ; --       ; LED_out[0]     ; output ; TTL          ;         ; Y               ;
; 13       ; 12         ; --       ; TMS            ; input  ; TTL          ;         ; N               ;
; 14       ; 13         ; --       ; LED_out[1]     ; output ; TTL          ;         ; Y               ;
; 15       ; 14         ; --       ; VCC            ; power  ;              ;         ;                 ;
; 16       ; 15         ; --       ; LED_out[2]     ; output ; TTL          ;         ; Y               ;
; 17       ; 16         ; --       ; LED_out[3]     ; output ; TTL          ;         ; Y               ;
; 18       ; 17         ; --       ; LED_out[4]     ; output ; TTL          ;         ; Y               ;
; 19       ; 18         ; --       ; LED_out[5]     ; output ; TTL          ;         ; Y               ;
; 20       ; 19         ; --       ; LED_out[6]     ; output ; TTL          ;         ; Y               ;
; 21       ; 20         ; --       ; LED_out[7]     ; output ; TTL          ;         ; Y               ;
; 22       ; 21         ; --       ; GND            ; gnd    ;              ;         ;                 ;
; 23       ; 22         ; --       ; VCC            ; power  ;              ;         ;                 ;
; 24       ; 23         ; --       ; RESERVED       ;        ;              ;         ;                 ;
; 25       ; 24         ; --       ; RESERVED       ;        ;              ;         ;                 ;
; 26       ; 25         ; --       ; RESERVED       ;        ;              ;         ;                 ;
; 27       ; 26         ; --       ; RESERVED       ;        ;              ;         ;                 ;
; 28       ; 27         ; --       ; RESERVED       ;        ;              ;         ;                 ;
; 29       ; 28         ; --       ; RESERVED       ;        ;              ;         ;                 ;
; 30       ; 29         ; --       ; GND            ; gnd    ;              ;         ;                 ;
; 31       ; 30         ; --       ; RESERVED       ;        ;              ;         ;                 ;
; 32       ; 31         ; --       ; TCK            ; input  ; TTL          ;         ; N               ;
; 33       ; 32         ; --       ; RESERVED       ;        ;              ;         ;                 ;
; 34       ; 33         ; --       ; RESERVED       ;        ;              ;         ;                 ;
; 35       ; 34         ; --       ; VCC            ; power  ;              ;         ;                 ;
; 36       ; 35         ; --       ; RESERVED       ;        ;              ;         ;                 ;
; 37       ; 36         ; --       ; RESERVED       ;        ;              ;         ;                 ;
; 38       ; 37         ; --       ; TDO            ; output ; TTL          ;         ; N               ;
; 39       ; 38         ; --       ; RESERVED       ;        ;              ;         ;                 ;
; 40       ; 39         ; --       ; RESERVED       ;        ;              ;         ;                 ;
; 41       ; 40         ; --       ; RESERVED       ;        ;              ;         ;                 ;
; 42       ; 41         ; --       ; GND            ; gnd    ;              ;         ;                 ;
; 43       ; 42         ; --       ; clk            ; input  ; TTL          ;         ; Y               ;
; 44       ; 43         ; --       ; GND+           ;        ;              ;         ;                 ;
+----------+------------+----------+----------------+--------+--------------+---------+-----------------+
Note: Pin directions (input, output or bidir) are based on device operating in user mode.


+--------------------------------------------------------------------------------------------------+
; I/O Standard                                                                                     ;
+--------------+------------+----------------------+-------------------+-------------------+-------+
; I/O Standard ; Input Vref ; Dedicated Input Pins ; Pins in I/O Bank1 ; Pins in I/O Bank2 ; Total ;
+--------------+------------+----------------------+-------------------+-------------------+-------+
; TTL          ; -          ; 2                    ; 0                 ; 0                 ; 2     ;
+--------------+------------+----------------------+-------------------+-------------------+-------+


+---------------------------------------------------------------------+
; Dedicated Inputs I/O                                                ;
+-------+-------+-------+-------+--------------+------------+---------+
; Name  ; Pin # ; Type  ; VCCIO ; I/O Standard ; Input Vref ; Current ;
+-------+-------+-------+-------+--------------+------------+---------+
; clk   ; 43    ; Input ; --    ; TTL          ; -          ; 0 mA    ;
; rst_n ; 1     ; Input ; --    ; TTL          ; -          ; 0 mA    ;
+-------+-------+-------+-------+--------------+------------+---------+


+-----------------------------------------------+
; Output Pin Default Load For Reported TCO      ;
+--------------+-------+------------------------+
; I/O Standard ; Load  ; Termination Resistance ;
+--------------+-------+------------------------+
; TTL          ; 10 pF ; Not Available          ;
+--------------+-------+------------------------+
Note: User assignments will override these defaults. The user specified values are listed in the Output Pins and Bidir Pins tables.


+---------------------------------------------------------------------------------------------+
; Fitter Resource Utilization by Entity                                                       ;
+----------------------------+------------+------+-----------------------------+--------------+
; Compilation Hierarchy Node ; Macrocells ; Pins ; Full Hierarchy Name         ; Library Name ;
+----------------------------+------------+------+-----------------------------+--------------+
; |lab4                      ; 28         ; 14   ; |lab4                       ; work         ;
;    |lpm_counter:cnt_rtl_0| ; 28         ; 0    ; |lab4|lpm_counter:cnt_rtl_0 ; work         ;
+----------------------------+------------+------+-----------------------------+--------------+


+--------------------------------------------------------------------------------------+
; Control Signals                                                                      ;
+------+----------+---------+-------+--------+----------------------+------------------+
; Name ; Location ; Fan-Out ; Usage ; Global ; Global Resource Used ; Global Line Name ;
+------+----------+---------+-------+--------+----------------------+------------------+
; clk  ; PIN_43   ; 21      ; Clock ; yes    ; On                   ; --               ;
+------+----------+---------+-------+--------+----------------------+------------------+


+---------------------------------------------------------------------+
; Global & Other Fast Signals                                         ;
+------+----------+---------+----------------------+------------------+
; Name ; Location ; Fan-Out ; Global Resource Used ; Global Line Name ;
+------+----------+---------+----------------------+------------------+
; clk  ; PIN_43   ; 21      ; On                   ; --               ;
+------+----------+---------+----------------------+------------------+


+----------------------------------------------+
; Non-Global High Fan-Out Signals              ;
+------------------------------------+---------+
; Name                               ; Fan-Out ;
+------------------------------------+---------+
; rst_n                              ; 21      ;
; lpm_counter:cnt_rtl_0|dffs[0]      ; 21      ;
; lpm_counter:cnt_rtl_0|dffs[1]      ; 20      ;
; lpm_counter:cnt_rtl_0|dffs[2]      ; 19      ;
; lpm_counter:cnt_rtl_0|dffs[3]      ; 18      ;
; lpm_counter:cnt_rtl_0|dffs[4]      ; 17      ;
; lpm_counter:cnt_rtl_0|dffs[5]      ; 16      ;
; lpm_counter:cnt_rtl_0|dffs[6]      ; 15      ;
; lpm_counter:cnt_rtl_0|dffs[7]      ; 14      ;
; lpm_counter:cnt_rtl_0|dffs[8]      ; 13      ;
; lpm_counter:cnt_rtl_0|dffs[9]      ; 12      ;
; lpm_counter:cnt_rtl_0|dffs[10]     ; 11      ;
; lpm_counter:cnt_rtl_0|dffs[11]     ; 10      ;
; lpm_counter:cnt_rtl_0|dffs[20]     ; 9       ;
; lpm_counter:cnt_rtl_0|dffs[12]     ; 9       ;
; lpm_counter:cnt_rtl_0|dffs[13]     ; 8       ;
; lpm_counter:cnt_rtl_0|dffs[14]     ; 7       ;
; lpm_counter:cnt_rtl_0|dffs[15]     ; 6       ;
; lpm_counter:cnt_rtl_0|dffs[16]     ; 5       ;
; lpm_counter:cnt_rtl_0|dffs[17]     ; 4       ;
; lpm_counter:cnt_rtl_0|dffs[18]     ; 3       ;
; lpm_counter:cnt_rtl_0|dffs[19]     ; 2       ;
; lpm_counter:cnt_rtl_0|dffs[20]~121 ; 1       ;
; lpm_counter:cnt_rtl_0|dffs[20]~119 ; 1       ;
; lpm_counter:cnt_rtl_0|dffs[20]~117 ; 1       ;
; lpm_counter:cnt_rtl_0|dffs[20]~115 ; 1       ;
; lpm_counter:cnt_rtl_0|dffs[20]~113 ; 1       ;
; lpm_counter:cnt_rtl_0|dffs[20]~111 ; 1       ;
; lpm_counter:cnt_rtl_0|dffs[20]~109 ; 1       ;
+------------------------------------+---------+


+------------------------------------------------+
; Interconnect Usage Summary                     ;
+----------------------------+-------------------+
; Interconnect Resource Type ; Usage             ;
+----------------------------+-------------------+
; Output enables             ; 0 / 6 ( 0 % )     ;
; PIA buffers                ; 35 / 144 ( 24 % ) ;
+----------------------------+-------------------+


+----------------------------------------------------------------------+
; LAB Macrocells                                                       ;
+----------------------------------------+-----------------------------+
; Number of Macrocells  (Average = 7.00) ; Number of LABs  (Total = 3) ;
+----------------------------------------+-----------------------------+
; 0                                      ; 1                           ;
; 1                                      ; 1                           ;
; 2                                      ; 0                           ;
; 3                                      ; 0                           ;
; 4                                      ; 0                           ;
; 5                                      ; 0                           ;
; 6                                      ; 0                           ;
; 7                                      ; 0                           ;
; 8                                      ; 0                           ;
; 9                                      ; 0                           ;
; 10                                     ; 0                           ;
; 11                                     ; 1                           ;
; 12                                     ; 0                           ;
; 13                                     ; 0                           ;
; 14                                     ; 0                           ;
; 15                                     ; 0                           ;
; 16                                     ; 1                           ;
+----------------------------------------+-----------------------------+


+------------------------------------------------------------------------------------------------------------------------------------------------------------------------------------------------------------------------------------------------------------------------------------------------------------------------------------------------------------------------------------------------------------------------------------------------------------------------------------------------------------------------------------------------------------------------------------------------------------------------------------------------------------------------------------------------------------------------------------------------------------------------------------------------------------------------------------------------------------------------------------------------------------------------------------------------------------------------------------------------------------------------------------------------------------------------------------------------------------------------------------------------------------------------------------------------------------------------------------------------------------------------------------------------------------------------------------------------------------------------------------------------------------+
; Logic Cell Interconnection                                                                                                                                                                                                                                                                                                                                                                                                                                                                                                                                                                                                                                                                                                                                                                                                                                                                                                                                                                                                                                                                                                                                                                                                                                                                                                                                                                                 ;
+-----+------------+--------------------------------------------------------------------------------------------------------------------------------------------------------------------------------------------------------------------------------------------------------------------------------------------------------------------------------------------------------------------------------------------------------------------------------------------------------------------------------------------------------------------------------------------------------------------------------------------------------------------------------------------------------------------------------------------------+--------------------------------------------------------------------------------------------------------------------------------------------------------------------------------------------------------------------------------------------------------------------------------------------------------------------------------------------------------------------------------------------------------------------------------------------------------------------------------------------------------------------------------------------------------------------------------------------------------------------------------------------------------------------------------------+
; LAB ; Logic Cell ; Input                                                                                                                                                                                                                                                                                                                                                                                                                                                                                                                                                                                                                                                                                            ; Output                                                                                                                                                                                                                                                                                                                                                                                                                                                                                                                                                                                                                                                                               ;
+-----+------------+--------------------------------------------------------------------------------------------------------------------------------------------------------------------------------------------------------------------------------------------------------------------------------------------------------------------------------------------------------------------------------------------------------------------------------------------------------------------------------------------------------------------------------------------------------------------------------------------------------------------------------------------------------------------------------------------------+--------------------------------------------------------------------------------------------------------------------------------------------------------------------------------------------------------------------------------------------------------------------------------------------------------------------------------------------------------------------------------------------------------------------------------------------------------------------------------------------------------------------------------------------------------------------------------------------------------------------------------------------------------------------------------------+
;  A  ; LC1        ; lpm_counter:cnt_rtl_0|dffs[20]                                                                                                                                                                                                                                                                                                                                                                                                                                                                                                                                                                                                                                                                   ; LED_out[0]                                                                                                                                                                                                                                                                                                                                                                                                                                                                                                                                                                                                                                                                           ;
;  B  ; LC18       ; clk, rst_n, lpm_counter:cnt_rtl_0|dffs[9], lpm_counter:cnt_rtl_0|dffs[8], lpm_counter:cnt_rtl_0|dffs[7], lpm_counter:cnt_rtl_0|dffs[6], lpm_counter:cnt_rtl_0|dffs[5], lpm_counter:cnt_rtl_0|dffs[4], lpm_counter:cnt_rtl_0|dffs[3], lpm_counter:cnt_rtl_0|dffs[2], lpm_counter:cnt_rtl_0|dffs[0], lpm_counter:cnt_rtl_0|dffs[1], lpm_counter:cnt_rtl_0|dffs[10], lpm_counter:cnt_rtl_0|dffs[11]                                                                                                                                                                                                                                                                                                 ; lpm_counter:cnt_rtl_0|dffs[11], lpm_counter:cnt_rtl_0|dffs[12], lpm_counter:cnt_rtl_0|dffs[13], lpm_counter:cnt_rtl_0|dffs[14], lpm_counter:cnt_rtl_0|dffs[15], lpm_counter:cnt_rtl_0|dffs[16], lpm_counter:cnt_rtl_0|dffs[17], lpm_counter:cnt_rtl_0|dffs[18], lpm_counter:cnt_rtl_0|dffs[19], lpm_counter:cnt_rtl_0|dffs[20]                                                                                                                                                                                                                                                                                                                                                       ;
;  B  ; LC27       ; clk, rst_n, lpm_counter:cnt_rtl_0|dffs[10], lpm_counter:cnt_rtl_0|dffs[9], lpm_counter:cnt_rtl_0|dffs[8], lpm_counter:cnt_rtl_0|dffs[7], lpm_counter:cnt_rtl_0|dffs[6], lpm_counter:cnt_rtl_0|dffs[5], lpm_counter:cnt_rtl_0|dffs[4], lpm_counter:cnt_rtl_0|dffs[3], lpm_counter:cnt_rtl_0|dffs[2], lpm_counter:cnt_rtl_0|dffs[0], lpm_counter:cnt_rtl_0|dffs[1], lpm_counter:cnt_rtl_0|dffs[11], lpm_counter:cnt_rtl_0|dffs[12]                                                                                                                                                                                                                                                                 ; lpm_counter:cnt_rtl_0|dffs[12], lpm_counter:cnt_rtl_0|dffs[13], lpm_counter:cnt_rtl_0|dffs[14], lpm_counter:cnt_rtl_0|dffs[15], lpm_counter:cnt_rtl_0|dffs[16], lpm_counter:cnt_rtl_0|dffs[17], lpm_counter:cnt_rtl_0|dffs[18], lpm_counter:cnt_rtl_0|dffs[19], lpm_counter:cnt_rtl_0|dffs[20]                                                                                                                                                                                                                                                                                                                                                                                       ;
;  B  ; LC23       ; clk, rst_n, lpm_counter:cnt_rtl_0|dffs[11], lpm_counter:cnt_rtl_0|dffs[10], lpm_counter:cnt_rtl_0|dffs[9], lpm_counter:cnt_rtl_0|dffs[8], lpm_counter:cnt_rtl_0|dffs[7], lpm_counter:cnt_rtl_0|dffs[6], lpm_counter:cnt_rtl_0|dffs[5], lpm_counter:cnt_rtl_0|dffs[4], lpm_counter:cnt_rtl_0|dffs[3], lpm_counter:cnt_rtl_0|dffs[2], lpm_counter:cnt_rtl_0|dffs[0], lpm_counter:cnt_rtl_0|dffs[1], lpm_counter:cnt_rtl_0|dffs[12], lpm_counter:cnt_rtl_0|dffs[13]                                                                                                                                                                                                                                 ; lpm_counter:cnt_rtl_0|dffs[13], lpm_counter:cnt_rtl_0|dffs[14], lpm_counter:cnt_rtl_0|dffs[15], lpm_counter:cnt_rtl_0|dffs[16], lpm_counter:cnt_rtl_0|dffs[17], lpm_counter:cnt_rtl_0|dffs[18], lpm_counter:cnt_rtl_0|dffs[19], lpm_counter:cnt_rtl_0|dffs[20]                                                                                                                                                                                                                                                                                                                                                                                                                       ;
;  B  ; LC22       ; clk, rst_n, lpm_counter:cnt_rtl_0|dffs[12], lpm_counter:cnt_rtl_0|dffs[11], lpm_counter:cnt_rtl_0|dffs[10], lpm_counter:cnt_rtl_0|dffs[9], lpm_counter:cnt_rtl_0|dffs[8], lpm_counter:cnt_rtl_0|dffs[7], lpm_counter:cnt_rtl_0|dffs[6], lpm_counter:cnt_rtl_0|dffs[5], lpm_counter:cnt_rtl_0|dffs[4], lpm_counter:cnt_rtl_0|dffs[3], lpm_counter:cnt_rtl_0|dffs[2], lpm_counter:cnt_rtl_0|dffs[0], lpm_counter:cnt_rtl_0|dffs[1], lpm_counter:cnt_rtl_0|dffs[13], lpm_counter:cnt_rtl_0|dffs[14]                                                                                                                                                                                                 ; lpm_counter:cnt_rtl_0|dffs[14], lpm_counter:cnt_rtl_0|dffs[15], lpm_counter:cnt_rtl_0|dffs[16], lpm_counter:cnt_rtl_0|dffs[17], lpm_counter:cnt_rtl_0|dffs[18], lpm_counter:cnt_rtl_0|dffs[19], lpm_counter:cnt_rtl_0|dffs[20]                                                                                                                                                                                                                                                                                                                                                                                                                                                       ;
;  B  ; LC31       ; clk, rst_n, lpm_counter:cnt_rtl_0|dffs[13], lpm_counter:cnt_rtl_0|dffs[12], lpm_counter:cnt_rtl_0|dffs[11], lpm_counter:cnt_rtl_0|dffs[10], lpm_counter:cnt_rtl_0|dffs[9], lpm_counter:cnt_rtl_0|dffs[8], lpm_counter:cnt_rtl_0|dffs[7], lpm_counter:cnt_rtl_0|dffs[6], lpm_counter:cnt_rtl_0|dffs[5], lpm_counter:cnt_rtl_0|dffs[4], lpm_counter:cnt_rtl_0|dffs[3], lpm_counter:cnt_rtl_0|dffs[2], lpm_counter:cnt_rtl_0|dffs[0], lpm_counter:cnt_rtl_0|dffs[1], lpm_counter:cnt_rtl_0|dffs[14], lpm_counter:cnt_rtl_0|dffs[15]                                                                                                                                                                 ; lpm_counter:cnt_rtl_0|dffs[15], lpm_counter:cnt_rtl_0|dffs[16], lpm_counter:cnt_rtl_0|dffs[17], lpm_counter:cnt_rtl_0|dffs[18], lpm_counter:cnt_rtl_0|dffs[19], lpm_counter:cnt_rtl_0|dffs[20]                                                                                                                                                                                                                                                                                                                                                                                                                                                                                       ;
;  B  ; LC32       ; clk, rst_n, lpm_counter:cnt_rtl_0|dffs[14], lpm_counter:cnt_rtl_0|dffs[13], lpm_counter:cnt_rtl_0|dffs[12], lpm_counter:cnt_rtl_0|dffs[11], lpm_counter:cnt_rtl_0|dffs[10], lpm_counter:cnt_rtl_0|dffs[9], lpm_counter:cnt_rtl_0|dffs[8], lpm_counter:cnt_rtl_0|dffs[7], lpm_counter:cnt_rtl_0|dffs[6], lpm_counter:cnt_rtl_0|dffs[5], lpm_counter:cnt_rtl_0|dffs[4], lpm_counter:cnt_rtl_0|dffs[3], lpm_counter:cnt_rtl_0|dffs[2], lpm_counter:cnt_rtl_0|dffs[0], lpm_counter:cnt_rtl_0|dffs[1], lpm_counter:cnt_rtl_0|dffs[15], lpm_counter:cnt_rtl_0|dffs[16]                                                                                                                                 ; lpm_counter:cnt_rtl_0|dffs[16], lpm_counter:cnt_rtl_0|dffs[17], lpm_counter:cnt_rtl_0|dffs[18], lpm_counter:cnt_rtl_0|dffs[19], lpm_counter:cnt_rtl_0|dffs[20]                                                                                                                                                                                                                                                                                                                                                                                                                                                                                                                       ;
;  B  ; LC29       ; clk, rst_n, lpm_counter:cnt_rtl_0|dffs[15], lpm_counter:cnt_rtl_0|dffs[14], lpm_counter:cnt_rtl_0|dffs[13], lpm_counter:cnt_rtl_0|dffs[12], lpm_counter:cnt_rtl_0|dffs[11], lpm_counter:cnt_rtl_0|dffs[10], lpm_counter:cnt_rtl_0|dffs[9], lpm_counter:cnt_rtl_0|dffs[8], lpm_counter:cnt_rtl_0|dffs[7], lpm_counter:cnt_rtl_0|dffs[6], lpm_counter:cnt_rtl_0|dffs[5], lpm_counter:cnt_rtl_0|dffs[4], lpm_counter:cnt_rtl_0|dffs[3], lpm_counter:cnt_rtl_0|dffs[2], lpm_counter:cnt_rtl_0|dffs[0], lpm_counter:cnt_rtl_0|dffs[1], lpm_counter:cnt_rtl_0|dffs[16], lpm_counter:cnt_rtl_0|dffs[17]                                                                                                 ; lpm_counter:cnt_rtl_0|dffs[17], lpm_counter:cnt_rtl_0|dffs[18], lpm_counter:cnt_rtl_0|dffs[19], lpm_counter:cnt_rtl_0|dffs[20]                                                                                                                                                                                                                                                                                                                                                                                                                                                                                                                                                       ;
;  B  ; LC28       ; clk, rst_n, lpm_counter:cnt_rtl_0|dffs[16], lpm_counter:cnt_rtl_0|dffs[15], lpm_counter:cnt_rtl_0|dffs[14], lpm_counter:cnt_rtl_0|dffs[13], lpm_counter:cnt_rtl_0|dffs[12], lpm_counter:cnt_rtl_0|dffs[11], lpm_counter:cnt_rtl_0|dffs[10], lpm_counter:cnt_rtl_0|dffs[9], lpm_counter:cnt_rtl_0|dffs[8], lpm_counter:cnt_rtl_0|dffs[7], lpm_counter:cnt_rtl_0|dffs[6], lpm_counter:cnt_rtl_0|dffs[5], lpm_counter:cnt_rtl_0|dffs[4], lpm_counter:cnt_rtl_0|dffs[3], lpm_counter:cnt_rtl_0|dffs[2], lpm_counter:cnt_rtl_0|dffs[0], lpm_counter:cnt_rtl_0|dffs[1], lpm_counter:cnt_rtl_0|dffs[17], lpm_counter:cnt_rtl_0|dffs[18]                                                                 ; lpm_counter:cnt_rtl_0|dffs[18], lpm_counter:cnt_rtl_0|dffs[19], lpm_counter:cnt_rtl_0|dffs[20]                                                                                                                                                                                                                                                                                                                                                                                                                                                                                                                                                                                       ;
;  B  ; LC26       ; clk, rst_n, lpm_counter:cnt_rtl_0|dffs[17], lpm_counter:cnt_rtl_0|dffs[16], lpm_counter:cnt_rtl_0|dffs[15], lpm_counter:cnt_rtl_0|dffs[14], lpm_counter:cnt_rtl_0|dffs[13], lpm_counter:cnt_rtl_0|dffs[12], lpm_counter:cnt_rtl_0|dffs[11], lpm_counter:cnt_rtl_0|dffs[10], lpm_counter:cnt_rtl_0|dffs[9], lpm_counter:cnt_rtl_0|dffs[8], lpm_counter:cnt_rtl_0|dffs[7], lpm_counter:cnt_rtl_0|dffs[6], lpm_counter:cnt_rtl_0|dffs[5], lpm_counter:cnt_rtl_0|dffs[4], lpm_counter:cnt_rtl_0|dffs[3], lpm_counter:cnt_rtl_0|dffs[2], lpm_counter:cnt_rtl_0|dffs[0], lpm_counter:cnt_rtl_0|dffs[1], lpm_counter:cnt_rtl_0|dffs[18], lpm_counter:cnt_rtl_0|dffs[19]                                 ; lpm_counter:cnt_rtl_0|dffs[19], lpm_counter:cnt_rtl_0|dffs[20]                                                                                                                                                                                                                                                                                                                                                                                                                                                                                                                                                                                                                       ;
;  B  ; LC17       ; clk, rst_n, lpm_counter:cnt_rtl_0|dffs[18], lpm_counter:cnt_rtl_0|dffs[17], lpm_counter:cnt_rtl_0|dffs[16], lpm_counter:cnt_rtl_0|dffs[15], lpm_counter:cnt_rtl_0|dffs[14], lpm_counter:cnt_rtl_0|dffs[13], lpm_counter:cnt_rtl_0|dffs[12], lpm_counter:cnt_rtl_0|dffs[11], lpm_counter:cnt_rtl_0|dffs[10], lpm_counter:cnt_rtl_0|dffs[9], lpm_counter:cnt_rtl_0|dffs[8], lpm_counter:cnt_rtl_0|dffs[7], lpm_counter:cnt_rtl_0|dffs[6], lpm_counter:cnt_rtl_0|dffs[5], lpm_counter:cnt_rtl_0|dffs[4], lpm_counter:cnt_rtl_0|dffs[3], lpm_counter:cnt_rtl_0|dffs[2], lpm_counter:cnt_rtl_0|dffs[0], lpm_counter:cnt_rtl_0|dffs[1], lpm_counter:cnt_rtl_0|dffs[19], lpm_counter:cnt_rtl_0|dffs[20] ; lpm_counter:cnt_rtl_0|dffs[20], LED_out[7], lpm_counter:cnt_rtl_0|dffs[20]~109, lpm_counter:cnt_rtl_0|dffs[20]~111, lpm_counter:cnt_rtl_0|dffs[20]~113, lpm_counter:cnt_rtl_0|dffs[20]~115, lpm_counter:cnt_rtl_0|dffs[20]~117, lpm_counter:cnt_rtl_0|dffs[20]~119, lpm_counter:cnt_rtl_0|dffs[20]~121                                                                                                                                                                                                                                                                                                                                                                               ;
;  B  ; LC19       ; lpm_counter:cnt_rtl_0|dffs[20]                                                                                                                                                                                                                                                                                                                                                                                                                                                                                                                                                                                                                                                                   ; LED_out[6]                                                                                                                                                                                                                                                                                                                                                                                                                                                                                                                                                                                                                                                                           ;
;  B  ; LC20       ; lpm_counter:cnt_rtl_0|dffs[20]                                                                                                                                                                                                                                                                                                                                                                                                                                                                                                                                                                                                                                                                   ; LED_out[5]                                                                                                                                                                                                                                                                                                                                                                                                                                                                                                                                                                                                                                                                           ;
;  B  ; LC21       ; lpm_counter:cnt_rtl_0|dffs[20]                                                                                                                                                                                                                                                                                                                                                                                                                                                                                                                                                                                                                                                                   ; LED_out[4]                                                                                                                                                                                                                                                                                                                                                                                                                                                                                                                                                                                                                                                                           ;
;  B  ; LC24       ; lpm_counter:cnt_rtl_0|dffs[20]                                                                                                                                                                                                                                                                                                                                                                                                                                                                                                                                                                                                                                                                   ; LED_out[3]                                                                                                                                                                                                                                                                                                                                                                                                                                                                                                                                                                                                                                                                           ;
;  B  ; LC25       ; lpm_counter:cnt_rtl_0|dffs[20]                                                                                                                                                                                                                                                                                                                                                                                                                                                                                                                                                                                                                                                                   ; LED_out[2]                                                                                                                                                                                                                                                                                                                                                                                                                                                                                                                                                                                                                                                                           ;
;  B  ; LC30       ; lpm_counter:cnt_rtl_0|dffs[20]                                                                                                                                                                                                                                                                                                                                                                                                                                                                                                                                                                                                                                                                   ; LED_out[1]                                                                                                                                                                                                                                                                                                                                                                                                                                                                                                                                                                                                                                                                           ;
;  C  ; LC35       ; clk, rst_n, lpm_counter:cnt_rtl_0|dffs[0]                                                                                                                                                                                                                                                                                                                                                                                                                                                                                                                                                                                                                                                        ; lpm_counter:cnt_rtl_0|dffs[0], lpm_counter:cnt_rtl_0|dffs[1], lpm_counter:cnt_rtl_0|dffs[2], lpm_counter:cnt_rtl_0|dffs[3], lpm_counter:cnt_rtl_0|dffs[4], lpm_counter:cnt_rtl_0|dffs[5], lpm_counter:cnt_rtl_0|dffs[6], lpm_counter:cnt_rtl_0|dffs[7], lpm_counter:cnt_rtl_0|dffs[8], lpm_counter:cnt_rtl_0|dffs[9], lpm_counter:cnt_rtl_0|dffs[10], lpm_counter:cnt_rtl_0|dffs[11], lpm_counter:cnt_rtl_0|dffs[12], lpm_counter:cnt_rtl_0|dffs[13], lpm_counter:cnt_rtl_0|dffs[14], lpm_counter:cnt_rtl_0|dffs[15], lpm_counter:cnt_rtl_0|dffs[16], lpm_counter:cnt_rtl_0|dffs[17], lpm_counter:cnt_rtl_0|dffs[18], lpm_counter:cnt_rtl_0|dffs[19], lpm_counter:cnt_rtl_0|dffs[20] ;
;  C  ; LC38       ; clk, rst_n, lpm_counter:cnt_rtl_0|dffs[1], lpm_counter:cnt_rtl_0|dffs[0]                                                                                                                                                                                                                                                                                                                                                                                                                                                                                                                                                                                                                         ; lpm_counter:cnt_rtl_0|dffs[1], lpm_counter:cnt_rtl_0|dffs[2], lpm_counter:cnt_rtl_0|dffs[3], lpm_counter:cnt_rtl_0|dffs[4], lpm_counter:cnt_rtl_0|dffs[5], lpm_counter:cnt_rtl_0|dffs[6], lpm_counter:cnt_rtl_0|dffs[7], lpm_counter:cnt_rtl_0|dffs[8], lpm_counter:cnt_rtl_0|dffs[9], lpm_counter:cnt_rtl_0|dffs[10], lpm_counter:cnt_rtl_0|dffs[11], lpm_counter:cnt_rtl_0|dffs[12], lpm_counter:cnt_rtl_0|dffs[13], lpm_counter:cnt_rtl_0|dffs[14], lpm_counter:cnt_rtl_0|dffs[15], lpm_counter:cnt_rtl_0|dffs[16], lpm_counter:cnt_rtl_0|dffs[17], lpm_counter:cnt_rtl_0|dffs[18], lpm_counter:cnt_rtl_0|dffs[19], lpm_counter:cnt_rtl_0|dffs[20]                                ;
;  C  ; LC43       ; clk, rst_n, lpm_counter:cnt_rtl_0|dffs[1], lpm_counter:cnt_rtl_0|dffs[0], lpm_counter:cnt_rtl_0|dffs[2]                                                                                                                                                                                                                                                                                                                                                                                                                                                                                                                                                                                          ; lpm_counter:cnt_rtl_0|dffs[2], lpm_counter:cnt_rtl_0|dffs[3], lpm_counter:cnt_rtl_0|dffs[4], lpm_counter:cnt_rtl_0|dffs[5], lpm_counter:cnt_rtl_0|dffs[6], lpm_counter:cnt_rtl_0|dffs[7], lpm_counter:cnt_rtl_0|dffs[8], lpm_counter:cnt_rtl_0|dffs[9], lpm_counter:cnt_rtl_0|dffs[10], lpm_counter:cnt_rtl_0|dffs[11], lpm_counter:cnt_rtl_0|dffs[12], lpm_counter:cnt_rtl_0|dffs[13], lpm_counter:cnt_rtl_0|dffs[14], lpm_counter:cnt_rtl_0|dffs[15], lpm_counter:cnt_rtl_0|dffs[16], lpm_counter:cnt_rtl_0|dffs[17], lpm_counter:cnt_rtl_0|dffs[18], lpm_counter:cnt_rtl_0|dffs[19], lpm_counter:cnt_rtl_0|dffs[20]                                                               ;
;  C  ; LC45       ; clk, rst_n, lpm_counter:cnt_rtl_0|dffs[0], lpm_counter:cnt_rtl_0|dffs[1], lpm_counter:cnt_rtl_0|dffs[2], lpm_counter:cnt_rtl_0|dffs[3]                                                                                                                                                                                                                                                                                                                                                                                                                                                                                                                                                           ; lpm_counter:cnt_rtl_0|dffs[3], lpm_counter:cnt_rtl_0|dffs[4], lpm_counter:cnt_rtl_0|dffs[5], lpm_counter:cnt_rtl_0|dffs[6], lpm_counter:cnt_rtl_0|dffs[7], lpm_counter:cnt_rtl_0|dffs[8], lpm_counter:cnt_rtl_0|dffs[9], lpm_counter:cnt_rtl_0|dffs[10], lpm_counter:cnt_rtl_0|dffs[11], lpm_counter:cnt_rtl_0|dffs[12], lpm_counter:cnt_rtl_0|dffs[13], lpm_counter:cnt_rtl_0|dffs[14], lpm_counter:cnt_rtl_0|dffs[15], lpm_counter:cnt_rtl_0|dffs[16], lpm_counter:cnt_rtl_0|dffs[17], lpm_counter:cnt_rtl_0|dffs[18], lpm_counter:cnt_rtl_0|dffs[19], lpm_counter:cnt_rtl_0|dffs[20]                                                                                              ;
;  C  ; LC46       ; clk, rst_n, lpm_counter:cnt_rtl_0|dffs[2], lpm_counter:cnt_rtl_0|dffs[0], lpm_counter:cnt_rtl_0|dffs[1], lpm_counter:cnt_rtl_0|dffs[3], lpm_counter:cnt_rtl_0|dffs[4]                                                                                                                                                                                                                                                                                                                                                                                                                                                                                                                            ; lpm_counter:cnt_rtl_0|dffs[4], lpm_counter:cnt_rtl_0|dffs[5], lpm_counter:cnt_rtl_0|dffs[6], lpm_counter:cnt_rtl_0|dffs[7], lpm_counter:cnt_rtl_0|dffs[8], lpm_counter:cnt_rtl_0|dffs[9], lpm_counter:cnt_rtl_0|dffs[10], lpm_counter:cnt_rtl_0|dffs[11], lpm_counter:cnt_rtl_0|dffs[12], lpm_counter:cnt_rtl_0|dffs[13], lpm_counter:cnt_rtl_0|dffs[14], lpm_counter:cnt_rtl_0|dffs[15], lpm_counter:cnt_rtl_0|dffs[16], lpm_counter:cnt_rtl_0|dffs[17], lpm_counter:cnt_rtl_0|dffs[18], lpm_counter:cnt_rtl_0|dffs[19], lpm_counter:cnt_rtl_0|dffs[20]                                                                                                                             ;
;  C  ; LC40       ; clk, rst_n, lpm_counter:cnt_rtl_0|dffs[3], lpm_counter:cnt_rtl_0|dffs[2], lpm_counter:cnt_rtl_0|dffs[0], lpm_counter:cnt_rtl_0|dffs[1], lpm_counter:cnt_rtl_0|dffs[4], lpm_counter:cnt_rtl_0|dffs[5]                                                                                                                                                                                                                                                                                                                                                                                                                                                                                             ; lpm_counter:cnt_rtl_0|dffs[5], lpm_counter:cnt_rtl_0|dffs[6], lpm_counter:cnt_rtl_0|dffs[7], lpm_counter:cnt_rtl_0|dffs[8], lpm_counter:cnt_rtl_0|dffs[9], lpm_counter:cnt_rtl_0|dffs[10], lpm_counter:cnt_rtl_0|dffs[11], lpm_counter:cnt_rtl_0|dffs[12], lpm_counter:cnt_rtl_0|dffs[13], lpm_counter:cnt_rtl_0|dffs[14], lpm_counter:cnt_rtl_0|dffs[15], lpm_counter:cnt_rtl_0|dffs[16], lpm_counter:cnt_rtl_0|dffs[17], lpm_counter:cnt_rtl_0|dffs[18], lpm_counter:cnt_rtl_0|dffs[19], lpm_counter:cnt_rtl_0|dffs[20]                                                                                                                                                            ;
;  C  ; LC48       ; clk, rst_n, lpm_counter:cnt_rtl_0|dffs[4], lpm_counter:cnt_rtl_0|dffs[3], lpm_counter:cnt_rtl_0|dffs[2], lpm_counter:cnt_rtl_0|dffs[0], lpm_counter:cnt_rtl_0|dffs[1], lpm_counter:cnt_rtl_0|dffs[5], lpm_counter:cnt_rtl_0|dffs[6]                                                                                                                                                                                                                                                                                                                                                                                                                                                              ; lpm_counter:cnt_rtl_0|dffs[6], lpm_counter:cnt_rtl_0|dffs[7], lpm_counter:cnt_rtl_0|dffs[8], lpm_counter:cnt_rtl_0|dffs[9], lpm_counter:cnt_rtl_0|dffs[10], lpm_counter:cnt_rtl_0|dffs[11], lpm_counter:cnt_rtl_0|dffs[12], lpm_counter:cnt_rtl_0|dffs[13], lpm_counter:cnt_rtl_0|dffs[14], lpm_counter:cnt_rtl_0|dffs[15], lpm_counter:cnt_rtl_0|dffs[16], lpm_counter:cnt_rtl_0|dffs[17], lpm_counter:cnt_rtl_0|dffs[18], lpm_counter:cnt_rtl_0|dffs[19], lpm_counter:cnt_rtl_0|dffs[20]                                                                                                                                                                                           ;
;  C  ; LC33       ; clk, rst_n, lpm_counter:cnt_rtl_0|dffs[5], lpm_counter:cnt_rtl_0|dffs[4], lpm_counter:cnt_rtl_0|dffs[3], lpm_counter:cnt_rtl_0|dffs[2], lpm_counter:cnt_rtl_0|dffs[0], lpm_counter:cnt_rtl_0|dffs[1], lpm_counter:cnt_rtl_0|dffs[6], lpm_counter:cnt_rtl_0|dffs[7]                                                                                                                                                                                                                                                                                                                                                                                                                               ; lpm_counter:cnt_rtl_0|dffs[7], lpm_counter:cnt_rtl_0|dffs[8], lpm_counter:cnt_rtl_0|dffs[9], lpm_counter:cnt_rtl_0|dffs[10], lpm_counter:cnt_rtl_0|dffs[11], lpm_counter:cnt_rtl_0|dffs[12], lpm_counter:cnt_rtl_0|dffs[13], lpm_counter:cnt_rtl_0|dffs[14], lpm_counter:cnt_rtl_0|dffs[15], lpm_counter:cnt_rtl_0|dffs[16], lpm_counter:cnt_rtl_0|dffs[17], lpm_counter:cnt_rtl_0|dffs[18], lpm_counter:cnt_rtl_0|dffs[19], lpm_counter:cnt_rtl_0|dffs[20]                                                                                                                                                                                                                          ;
;  C  ; LC34       ; clk, rst_n, lpm_counter:cnt_rtl_0|dffs[6], lpm_counter:cnt_rtl_0|dffs[5], lpm_counter:cnt_rtl_0|dffs[4], lpm_counter:cnt_rtl_0|dffs[3], lpm_counter:cnt_rtl_0|dffs[2], lpm_counter:cnt_rtl_0|dffs[0], lpm_counter:cnt_rtl_0|dffs[1], lpm_counter:cnt_rtl_0|dffs[7], lpm_counter:cnt_rtl_0|dffs[8]                                                                                                                                                                                                                                                                                                                                                                                                ; lpm_counter:cnt_rtl_0|dffs[8], lpm_counter:cnt_rtl_0|dffs[9], lpm_counter:cnt_rtl_0|dffs[10], lpm_counter:cnt_rtl_0|dffs[11], lpm_counter:cnt_rtl_0|dffs[12], lpm_counter:cnt_rtl_0|dffs[13], lpm_counter:cnt_rtl_0|dffs[14], lpm_counter:cnt_rtl_0|dffs[15], lpm_counter:cnt_rtl_0|dffs[16], lpm_counter:cnt_rtl_0|dffs[17], lpm_counter:cnt_rtl_0|dffs[18], lpm_counter:cnt_rtl_0|dffs[19], lpm_counter:cnt_rtl_0|dffs[20]                                                                                                                                                                                                                                                         ;
;  C  ; LC36       ; clk, rst_n, lpm_counter:cnt_rtl_0|dffs[7], lpm_counter:cnt_rtl_0|dffs[6], lpm_counter:cnt_rtl_0|dffs[5], lpm_counter:cnt_rtl_0|dffs[4], lpm_counter:cnt_rtl_0|dffs[3], lpm_counter:cnt_rtl_0|dffs[2], lpm_counter:cnt_rtl_0|dffs[0], lpm_counter:cnt_rtl_0|dffs[1], lpm_counter:cnt_rtl_0|dffs[8], lpm_counter:cnt_rtl_0|dffs[9]                                                                                                                                                                                                                                                                                                                                                                 ; lpm_counter:cnt_rtl_0|dffs[9], lpm_counter:cnt_rtl_0|dffs[10], lpm_counter:cnt_rtl_0|dffs[11], lpm_counter:cnt_rtl_0|dffs[12], lpm_counter:cnt_rtl_0|dffs[13], lpm_counter:cnt_rtl_0|dffs[14], lpm_counter:cnt_rtl_0|dffs[15], lpm_counter:cnt_rtl_0|dffs[16], lpm_counter:cnt_rtl_0|dffs[17], lpm_counter:cnt_rtl_0|dffs[18], lpm_counter:cnt_rtl_0|dffs[19], lpm_counter:cnt_rtl_0|dffs[20]                                                                                                                                                                                                                                                                                        ;
;  C  ; LC39       ; clk, rst_n, lpm_counter:cnt_rtl_0|dffs[8], lpm_counter:cnt_rtl_0|dffs[7], lpm_counter:cnt_rtl_0|dffs[6], lpm_counter:cnt_rtl_0|dffs[5], lpm_counter:cnt_rtl_0|dffs[4], lpm_counter:cnt_rtl_0|dffs[3], lpm_counter:cnt_rtl_0|dffs[2], lpm_counter:cnt_rtl_0|dffs[0], lpm_counter:cnt_rtl_0|dffs[1], lpm_counter:cnt_rtl_0|dffs[9], lpm_counter:cnt_rtl_0|dffs[10]                                                                                                                                                                                                                                                                                                                                 ; lpm_counter:cnt_rtl_0|dffs[10], lpm_counter:cnt_rtl_0|dffs[11], lpm_counter:cnt_rtl_0|dffs[12], lpm_counter:cnt_rtl_0|dffs[13], lpm_counter:cnt_rtl_0|dffs[14], lpm_counter:cnt_rtl_0|dffs[15], lpm_counter:cnt_rtl_0|dffs[16], lpm_counter:cnt_rtl_0|dffs[17], lpm_counter:cnt_rtl_0|dffs[18], lpm_counter:cnt_rtl_0|dffs[19], lpm_counter:cnt_rtl_0|dffs[20]                                                                                                                                                                                                                                                                                                                       ;
+-----+------------+--------------------------------------------------------------------------------------------------------------------------------------------------------------------------------------------------------------------------------------------------------------------------------------------------------------------------------------------------------------------------------------------------------------------------------------------------------------------------------------------------------------------------------------------------------------------------------------------------------------------------------------------------------------------------------------------------+--------------------------------------------------------------------------------------------------------------------------------------------------------------------------------------------------------------------------------------------------------------------------------------------------------------------------------------------------------------------------------------------------------------------------------------------------------------------------------------------------------------------------------------------------------------------------------------------------------------------------------------------------------------------------------------+


+---------------------------------------------------------------+
; Fitter Device Options                                         ;
+----------------------------------------------+----------------+
; Option                                       ; Setting        ;
+----------------------------------------------+----------------+
; Enable user-supplied start-up clock (CLKUSR) ; Off            ;
; Enable device-wide reset (DEV_CLRn)          ; Off            ;
; Enable device-wide output enable (DEV_OE)    ; Off            ;
; Enable INIT_DONE output                      ; Off            ;
; Configuration scheme                         ; Passive Serial ;
; Security bit                                 ; Off            ;
; Base pin-out file on sameframe device        ; Off            ;
+----------------------------------------------+----------------+


+-----------------+
; Fitter Messages ;
+-----------------+
Info: *******************************************************************
Info: Running Quartus II Fitter
    Info: Version 9.1 Build 222 10/21/2009 SJ Web Edition
    Info: Processing started: Mon Dec 03 20:02:05 2018
Info: Command: quartus_fit --read_settings_files=off --write_settings_files=off lab4 -c lab4
Info: Selected device EPM7064SLC44-10 for design "lab4"
Info: Quartus II Fitter was successful. 0 errors, 0 warnings
    Info: Peak virtual memory: 222 megabytes
    Info: Processing ended: Mon Dec 03 20:02:05 2018
    Info: Elapsed time: 00:00:00
    Info: Total CPU time (on all processors): 00:00:00


